proguard/seeds.txt
com.facebook.share.model.GameRequestContent$1
com.facebook.share.model.GameRequestContent$ActionType
com.facebook.share.model.GameRequestContent$ActionType: com.facebook.share.model.GameRequestContent$ActionType[] values()
com.facebook.share.model.GameRequestContent$ActionType: com.facebook.share.model.GameRequestContent$ActionType valueOf(java.lang.String)
com.facebook.share.model.GameRequestContent$Builder
com.facebook.share.model.GameRequestContent$Filters
com.facebook.share.model.GameRequestContent$Filters: com.facebook.share.model.GameRequestContent$Filters[] values()
com.facebook.share.model.GameRequestContent$Filters: com.facebook.share.model.GameRequestContent$Filters valueOf(java.lang.String)
com.facebook.share.model.ShareContent
com.facebook.share.model.ShareContent$Builder
com.facebook.share.model.ShareLinkContent
com.facebook.share.model.ShareLinkContent: android.os.Parcelable$Creator CREATOR
com.facebook.share.model.ShareLinkContent$1
com.facebook.share.model.ShareLinkContent$Builder
com.facebook.share.model.ShareModel
com.facebook.share.model.ShareModelBuilder
com.facebook.share.model.ShareOpenGraphAction
com.facebook.share.model.ShareOpenGraphAction: android.os.Parcelable$Creator CREATOR
com.facebook.share.model.ShareOpenGraphAction$1
com.facebook.share.model.ShareOpenGraphAction$Builder
com.facebook.share.model.ShareOpenGraphContent
com.facebook.share.model.ShareOpenGraphContent: android.os.Parcelable$Creator CREATOR
com.facebook.share.model.ShareOpenGraphContent$1
com.facebook.share.model.ShareOpenGraphContent$Builder
com.facebook.share.model.ShareOpenGraphObject
com.facebook.share.model.ShareOpenGraphObject: android.os.Parcelable$Creator CREATOR
com.facebook.share.model.ShareOpenGraphObject$1
com.facebook.share.model.ShareOpenGraphObject$Builder
com.facebook.share.model.ShareOpenGraphValueContainer
com.facebook.share.model.ShareOpenGraphValueContainer$Builder
com.facebook.share.model.SharePhoto
com.facebook.share.model.SharePhoto: android.os.Parcelable$Creator CREATOR
com.facebook.share.model.SharePhoto$1
com.facebook.share.model.SharePhoto$Builder
com.facebook.share.model.SharePhotoContent
com.facebook.share.model.SharePhotoContent: android.os.Parcelable$Creator CREATOR
com.facebook.share.model.SharePhotoContent$1
com.facebook.share.model.SharePhotoContent$Builder
com.facebook.share.model.ShareVideo
com.facebook.share.model.ShareVideo: android.os.Parcelable$Creator CREATOR
com.facebook.share.model.ShareVideo$1
com.facebook.share.model.ShareVideo$Builder
com.facebook.share.model.ShareVideoContent
com.facebook.share.model.ShareVideoContent: android.os.Parcelable$Creator CREATOR
com.facebook.share.model.ShareVideoContent$1
com.facebook.share.model.ShareVideoContent$Builder
com.facebook.share.widget.AppInviteDialog
com.facebook.share.widget.AppInviteDialog$1
com.facebook.share.widget.AppInviteDialog$2
com.facebook.share.widget.AppInviteDialog$NativeHandler
com.facebook.share.widget.AppInviteDialog$NativeHandler$1
com.facebook.share.widget.AppInviteDialog$Result
com.facebook.share.widget.AppInviteDialog$WebFallbackHandler
com.facebook.share.widget.CreateAppGroupDialog
com.facebook.share.widget.CreateAppGroupDialog$1
com.facebook.share.widget.CreateAppGroupDialog$2
com.facebook.share.widget.CreateAppGroupDialog$Result
com.facebook.share.widget.CreateAppGroupDialog$WebHandler
com.facebook.share.widget.GameRequestDialog
com.facebook.share.widget.GameRequestDialog$1
com.facebook.share.widget.GameRequestDialog$2
com.facebook.share.widget.GameRequestDialog$Result
com.facebook.share.widget.GameRequestDialog$WebHandler
com.facebook.share.widget.JoinAppGroupDialog
com.facebook.share.widget.JoinAppGroupDialog$1
com.facebook.share.widget.JoinAppGroupDialog$2
com.facebook.share.widget.JoinAppGroupDialog$Result
com.facebook.share.widget.JoinAppGroupDialog$WebHandler