proguard/mapping.txt
com.facebook.share.internal.NativeDialogParameters -> com.facebook.share.internal.NativeDialogParameters:
    54:87:android.os.Bundle create(java.util.UUID,com.facebook.share.model.ShareContent,boolean) -> a
    91:98:android.os.Bundle create(com.facebook.share.model.ShareLinkContent,boolean) -> a
    105:109:android.os.Bundle create(com.facebook.share.model.SharePhotoContent,java.util.List,boolean) -> a
    113:121:android.os.Bundle create(com.facebook.share.model.ShareVideoContent,boolean) -> a
    128:148:android.os.Bundle create(com.facebook.share.model.ShareOpenGraphContent,org.json.JSONObject,boolean) -> a
    152:167:android.os.Bundle createBaseParameters(com.facebook.share.model.ShareContent,boolean) -> a
com.facebook.share.internal.OpenGraphActionDialogFeature -> com.facebook.share.internal.OpenGraphActionDialogFeature:
    com.facebook.share.internal.OpenGraphActionDialogFeature OG_ACTION_DIALOG -> a
    int minVersion -> b
    com.facebook.share.internal.OpenGraphActionDialogFeature[] $VALUES -> c
    31:31:com.facebook.share.internal.OpenGraphActionDialogFeature[] values() -> values
    31:31:com.facebook.share.internal.OpenGraphActionDialogFeature valueOf(java.lang.String) -> valueOf
    48:48:java.lang.String getAction() -> a
    55:55:int getMinVersion() -> b
com.facebook.share.internal.OpenGraphJSONUtility -> com.facebook.share.internal.OpenGraphJSONUtility:
    57:62:org.json.JSONObject toJSONObject(com.facebook.share.model.ShareOpenGraphAction,com.facebook.share.internal.OpenGraphJSONUtility$PhotoJSONProcessor) -> a
    68:73:org.json.JSONObject toJSONObject(com.facebook.share.model.ShareOpenGraphObject,com.facebook.share.internal.OpenGraphJSONUtility$PhotoJSONProcessor) -> a
    79:83:org.json.JSONArray toJSONArray(java.util.List,com.facebook.share.internal.OpenGraphJSONUtility$PhotoJSONProcessor) -> a
    89:113:java.lang.Object toJSONValue(java.lang.Object,com.facebook.share.internal.OpenGraphJSONUtility$PhotoJSONProcessor) -> a
com.facebook.share.internal.OpenGraphJSONUtility$PhotoJSONProcessor -> com.facebook.share.internal.OpenGraphJSONUtility$PhotoJSONProcessor:
    org.json.JSONObject toJSONObject(com.facebook.share.model.SharePhoto) -> a
com.facebook.share.internal.OpenGraphMessageDialogFeature -> com.facebook.share.internal.OpenGraphMessageDialogFeature:
    com.facebook.share.internal.OpenGraphMessageDialogFeature OG_MESSAGE_DIALOG -> a
    int minVersion -> b
    com.facebook.share.internal.OpenGraphMessageDialogFeature[] $VALUES -> c
    31:31:com.facebook.share.internal.OpenGraphMessageDialogFeature[] values() -> values
    31:31:com.facebook.share.internal.OpenGraphMessageDialogFeature valueOf(java.lang.String) -> valueOf
    48:48:java.lang.String getAction() -> a
    55:55:int getMinVersion() -> b
com.facebook.share.internal.ResultProcessor -> com.facebook.share.internal.ResultProcessor:
    com.facebook.FacebookCallback appCallback -> a
    void onSuccess(com.facebook.internal.AppCall,android.os.Bundle) -> a
    49:52:void onCancel(com.facebook.internal.AppCall) -> a
    58:61:void onError(com.facebook.internal.AppCall,com.facebook.FacebookException) -> a