proguard/usage.txt
com.renn.rennsdk.param.ListBlogParam
com.renn.rennsdk.param.ListCommentParam
com.renn.rennsdk.param.ListFeedParam
com.renn.rennsdk.param.ListFriendParam
com.renn.rennsdk.param.ListHotShareParam
com.renn.rennsdk.param.ListPhotoParam
com.renn.rennsdk.param.ListShareParam
com.renn.rennsdk.param.ListStatusParam
com.renn.rennsdk.param.ListUbbParam
com.renn.rennsdk.param.ListUserFriendAppParam
com.renn.rennsdk.param.ListUserFriendMutualParam
com.renn.rennsdk.param.ListUserFriendParam
com.renn.rennsdk.param.PutAlbumParam
com.renn.rennsdk.param.PutBlogParam
com.renn.rennsdk.param.PutCommentParam
com.renn.rennsdk.param.PutFeedParam
com.renn.rennsdk.param.PutLikeParam
com.renn.rennsdk.param.PutNotificationAppParam
com.renn.rennsdk.param.PutNotificationUserParam
com.renn.rennsdk.param.PutShareUgcParam
com.renn.rennsdk.param.PutShareUrlParam
com.renn.rennsdk.param.PutStatusParam
com.renn.rennsdk.param.RemoveLikeParam
com.renn.rennsdk.param.ShareStatusParam
com.renn.rennsdk.param.ShareType
com.renn.rennsdk.param.UGCType
com.renn.rennsdk.param.UploadPhotoParam
com.renn.rennsdk.signature.HMACSHA1SignatureMethod
com.renn.rennsdk.signature.InvalidSignatureException
com.renn.rennsdk.signature.MACSignatureMethodFactory
com.renn.rennsdk.signature.OAuth2SignatureMethod
com.renn.rennsdk.signature.SharedSecret
com.renn.rennsdk.signature.Signatures
com.renn.rennsdk.signature.UnsupportedSignatureMethodException
com.sina.sso.RemoteSSO$Stub:
    private static final java.lang.String DESCRIPTOR
    static final int TRANSACTION_getPackageName
    static final int TRANSACTION_getActivityName
    13:16:public RemoteSSO$Stub()
    34:34:public android.os.IBinder asBinder()
com.sina.sso.RemoteSSO$Stub$Proxy:
    77:77:public java.lang.String getInterfaceDescriptor()
com.tencent.connect.auth.AuthDialog$JsListener:
    502:503:public void onCancelLogin()
    512:514:public void onCancel(java.lang.String)
    518:519:public void showMsg(java.lang.String)
    523:524:public void onLoad(java.lang.String)
com.tencent.mm.sdk.modelmsg.package-info
com.tencent.mm.sdk.openapi.WXApiImplComm:
    private static final java.lang.String TAG
    private static final java.lang.String WX_APP_SIGNATURE
    private WXApiImplComm()
com.tencent.mm.sdk.openapi.WXApiImplV10:
    private static final java.lang.String TAG
com.tencent.open.PKDialog$JsListener:
    227:230:public void onComplete(java.lang.String)
    234:236:public void onCancel(java.lang.String)
    240:241:public void showMsg(java.lang.String)
    250:251:public void onLoad(java.lang.String)
com.tencent.open.TDialog$JsListener:
    382:384:public void onAddShare(java.lang.String)
    389:390:public void onInvite(java.lang.String)
    395:397:public void onCancelAddShare(java.lang.String)
    402:403:public void onCancelLogin()
    408:410:public void onCancelInvite()
    413:416:public void onComplete(java.lang.String)
    419:422:public void onCancel(java.lang.String)
    426:427:public void showMsg(java.lang.String)
    436:437:public void onLoad(java.lang.String)
com.tencent.utils.Util$TBufferedOutputStream
com.tencent.weiyun.FileManager$DownLoadImp:
    private static final java.lang.String DOWNLOAD_PIC_URL
    private static final java.lang.String DOWNLOAD_THUMB_URL
    private static final java.lang.String DOWNLOAD_MUSIC_URL
    private static final java.lang.String DOWNLOAD_VIDEO_URL
    private static final java.lang.String DOWNLOAD_ENCRYPT_URL
    private static final java.lang.String DOWNLOAD_COOKIE_NAME
    private static final java.lang.String DOWNLOAD_COOKIE_VALUE
    private static final java.lang.String DOWNLOAD_SERVER_HOST
    private static final java.lang.String DOWNLOAD_SERVER_PORT
    private static final java.lang.String DOWNLOAD_THUMB_SIZE
    private static final int MAX_ERROR_TIMES
    private static final int GET_PERMISSON_DOWN
    private static final int DOWNLOAD_PROGRESS
    private static final int DOWNLOAD_PROGRESS_DONE